<?xml version='1.0' encoding='utf-8'?>
<testsuite hostname="Neals-MacBook-Pro.local" name="modelTests.ProductSpec" tests="16" errors="0" failures="0" skipped="0" time="1.858">
        <properties>
[...]
</properties>
        <testcase name="Documents should::be able to be deleted" classname="modelTests.ProductSpec" time="0.042">
        
      </testcase><testcase name="Documents should::be retrievable in bulk [Pattern matching]" classname="modelTests.ProductSpec" time="0.055">
        
      </testcase><testcase name="Documents should::be able to be inserted" classname="modelTests.ProductSpec" time="0.990">
        
      </testcase><testcase name="Documents should::be retrievable by documentId" classname="modelTests.ProductSpec" time="0.040">
        
      </testcase><testcase name="Documents should::be retrievable in bulk sorted [Pattern matching]" classname="modelTests.ProductSpec" time="0.052">
        
      </testcase><testcase name="Documents should::be retrievable in bulk sorted [Parser API]" classname="modelTests.ProductSpec" time="0.042">
        
      </testcase><testcase name="Documents should::be able to be retrieved [Pattern matching]" classname="modelTests.ProductSpec" time="0.082">
        
      </testcase><testcase name="Documents should::be searchable - No matching documents" classname="modelTests.ProductSpec" time="0.037">
        
      </testcase><testcase name="Documents should::be able to be retrieved [Parser API]" classname="modelTests.ProductSpec" time="0.067">
        
      </testcase><testcase name="Documents should::be able to be updated" classname="modelTests.ProductSpec" time="0.039">
        
      </testcase><testcase name="Documents should::be searchable - Multiple matching documents" classname="modelTests.ProductSpec" time="0.073">
        
      </testcase><testcase name="Documents should::be retrievable in bulk [Parser API]" classname="modelTests.ProductSpec" time="0.056">
        
      </testcase><testcase name="Documents should::be able to be retrieved" classname="modelTests.ProductSpec" time="0.100">
        
      </testcase><testcase name="Documents should::be retrievable in bulk sorted" classname="modelTests.ProductSpec" time="0.060">
        
      </testcase><testcase name="Documents should::be retrievable in bulk" classname="modelTests.ProductSpec" time="0.058">
        
      </testcase><testcase name="Documents should::be searchable - Single match document" classname="modelTests.ProductSpec" time="0.051">
        
      </testcase>
        <system-out></system-out>
        <system-err></system-err>
      </testsuite>